<?xml version="1.0" encoding="UTF-8"?>
<!-- Generated by org.testng.reporters.JUnitReportReporter -->
<testsuite skipped="0" hostname="DESKTOP-PHM18A9" name="Scripts.TestCases" tests="10" failures="0" timestamp="14 Jul 2018 00:31:38 GMT" time="64.126" errors="0">
  <testcase name="SignUpScenario1" time="13.414" classname="Scripts.TestCases"/>
  <testcase name="SignUpScenario2" time="3.337" classname="Scripts.TestCases"/>
  <testcase name="SignUpScenario3" time="3.161" classname="Scripts.TestCases"/>
  <testcase name="SignUpScenario5" time="5.975" classname="Scripts.TestCases"/>
  <testcase name="SignUpScenario4" time="6.480" classname="Scripts.TestCases"/>
  <testcase name="SignInScenario1" time="18.103" classname="Scripts.TestCases"/>
  <testcase name="SignInScenario2" time="3.201" classname="Scripts.TestCases"/>
  <testcase name="SignInScenario5" time="4.150" classname="Scripts.TestCases"/>
  <testcase name="SignInScenario3" time="3.198" classname="Scripts.TestCases"/>
  <testcase name="SignInScenario4" time="3.107" classname="Scripts.TestCases"/>
</testsuite> <!-- Scripts.TestCases -->
