<?xml version="1.0" encoding="UTF-8"?>
<!-- Generated by org.testng.reporters.JUnitReportReporter -->
<testsuite skipped="0" hostname="DESKTOP-PHM18A9" name="Scripts.SignUpTCs" tests="5" failures="0" timestamp="14 Jul 2018 17:12:13 GMT" time="30.838" errors="0">
  <testcase name="SignUp_EmptyFields" time="11.267" classname="Scripts.SignUpTCs"/>
  <testcase name="SignUp_InvalidEmailFormat" time="3.559" classname="Scripts.SignUpTCs"/>
  <testcase name="SignUp_InvalidName" time="3.262" classname="Scripts.SignUpTCs"/>
  <testcase name="SignUp_AlreadyUsedEmail" time="6.141" classname="Scripts.SignUpTCs"/>
  <testcase name="SignUp_PasswordValidation" time="6.609" classname="Scripts.SignUpTCs"/>
</testsuite> <!-- Scripts.SignUpTCs -->
