<?xml version="1.0" encoding="UTF-8"?>
<!-- Generated by org.testng.reporters.JUnitReportReporter -->
<testsuite skipped="0" hostname="DESKTOP-PHM18A9" name="Scripts.SignInTCs" tests="5" failures="0" timestamp="14 Jul 2018 17:12:13 GMT" time="23.288" errors="0">
  <testcase name="SignIn_EmptyCredentials" time="9.947" classname="Scripts.SignInTCs"/>
  <testcase name="SignIn_InvalidEmailFormat" time="3.354" classname="Scripts.SignInTCs"/>
  <testcase name="SignIn_ShortPassword" time="3.281" classname="Scripts.SignInTCs"/>
  <testcase name="SignIn_UnexistingAccount" time="3.008" classname="Scripts.SignInTCs"/>
  <testcase name="SignIn_Successfully" time="3.698" classname="Scripts.SignInTCs"/>
</testsuite> <!-- Scripts.SignInTCs -->
